app/build/intermediates/manifest_merge_blame_file/debug/manifest-merger-blame-debug-report.txt
1<?xml version="1.0" encoding="utf-8"?>
2<manifest xmlns:android="http://schemas.android.com/apk/res/android"
3    package="com.android.UniPlugin"
4    android:versionCode="1"
5    android:versionName="1.0" >
6
7    <uses-sdk
8        android:minSdkVersion="21"
9        android:targetSdkVersion="28" />
10
11    <supports-screens
11-->src/main/AndroidManifest.xml:5:5-10:39
12        android:anyDensity="true"
12-->src/main/AndroidManifest.xml:6:9-34
13        android:largeScreens="true"
13-->src/main/AndroidManifest.xml:7:9-36
14        android:normalScreens="true"
14-->src/main/AndroidManifest.xml:8:9-37
15        android:resizeable="true"
15-->src/main/AndroidManifest.xml:9:9-34
16        android:smallScreens="true" />
16-->src/main/AndroidManifest.xml:10:9-36
17
18    <!-- Barcode(二维码)  begin -->
19    <uses-permission android:name="android.permission.CAMERA" />
19-->src/main/AndroidManifest.xml:13:5-65
19-->src/main/AndroidManifest.xml:13:22-62
20    <uses-permission android:name="android.permission.WRITE_EXTERNAL_STORAGE" />
20-->src/main/AndroidManifest.xml:14:5-81
20-->src/main/AndroidManifest.xml:14:22-78
21
22    <uses-feature android:name="android.hardware.camera" />
22-->src/main/AndroidManifest.xml:16:5-60
22-->src/main/AndroidManifest.xml:16:19-57
23    <uses-feature android:name="android.hardware.camera.autofocus" />
23-->src/main/AndroidManifest.xml:17:5-70
23-->src/main/AndroidManifest.xml:17:19-67
24
25    <uses-permission android:name="android.permission.VIBRATE" />
25-->src/main/AndroidManifest.xml:19:5-66
25-->src/main/AndroidManifest.xml:19:22-63
26    <uses-permission android:name="android.permission.FLASHLIGHT" />
26-->src/main/AndroidManifest.xml:20:5-69
26-->src/main/AndroidManifest.xml:20:22-66
27
28    <!-- 适配android 13 图片选择权限 -->
29    <uses-permission android:name="android.permission.READ_MEDIA_IMAGES" />
29-->[lib.5plus.base-release.aar] AndroidManifest.xml:17:5-76
29-->[lib.5plus.base-release.aar] AndroidManifest.xml:17:22-73
30    <uses-permission android:name="android.permission.READ_MEDIA_VIDEO" />
30-->[lib.5plus.base-release.aar] AndroidManifest.xml:18:5-75
30-->[lib.5plus.base-release.aar] AndroidManifest.xml:18:22-72
31    <uses-permission android:name="android.permission.READ_MEDIA_VISUAL_USER_SELECTED" />
31-->[lib.5plus.base-release.aar] AndroidManifest.xml:19:5-90
31-->[lib.5plus.base-release.aar] AndroidManifest.xml:19:22-87
32    <uses-permission android:name="android.permission.INTERNET" />
32-->[lib.5plus.base-release.aar] AndroidManifest.xml:20:5-67
32-->[lib.5plus.base-release.aar] AndroidManifest.xml:20:22-64
33    <uses-permission android:name="android.permission.ACCESS_NETWORK_STATE" />
33-->[lib.5plus.base-release.aar] AndroidManifest.xml:21:5-79
33-->[lib.5plus.base-release.aar] AndroidManifest.xml:21:22-76
34    <!--
35    <uses-permission
36        android:name="com.android.launcher.permission.UNINSTALL_SHORTCUT" />
37    -->
38    <!-- 华为修改角标需要设置权限 -->
39    <uses-permission android:name="com.huawei.android.launcher.permission.CHANGE_BADGE" /> <!-- vivo 修改角标需要设置权限 -->
39-->[lib.5plus.base-release.aar] AndroidManifest.xml:27:5-91
39-->[lib.5plus.base-release.aar] AndroidManifest.xml:27:22-88
40    <uses-permission android:name="com.vivo.notification.permission.BADGE_ICON" />
40-->[lib.5plus.base-release.aar] AndroidManifest.xml:29:5-83
40-->[lib.5plus.base-release.aar] AndroidManifest.xml:29:22-80
41
42    <queries>
42-->[lib.5plus.base-release.aar] AndroidManifest.xml:31:5-40:15
43        <intent>
43-->[lib.5plus.base-release.aar] AndroidManifest.xml:32:9-34:18
44            <action android:name="android.intent.action.MAIN" />
44-->src/main/AndroidManifest.xml:52:17-68
44-->src/main/AndroidManifest.xml:52:25-66
45        </intent>
46        <intent>
46-->[lib.5plus.base-release.aar] AndroidManifest.xml:35:9-39:18
47            <action android:name="android.intent.action.VIEW" />
47-->src/main/AndroidManifest.xml:41:17-68
47-->src/main/AndroidManifest.xml:41:25-66
48
49            <category android:name="android.intent.category.DEFAULT" />
49-->src/main/AndroidManifest.xml:43:17-75
49-->src/main/AndroidManifest.xml:43:27-73
50        </intent>
51    </queries>
52
53    <uses-permission android:name="android.permission.READ_EXTERNAL_STORAGE" />
54    <uses-permission android:name="com.asus.msa.SupplementaryDID.ACCESS" />
54-->[oaid_sdk_1.0.25.aar] AndroidManifest.xml:13:5-76
54-->[oaid_sdk_1.0.25.aar] AndroidManifest.xml:13:22-73
55    <uses-permission android:name="freemme.permission.msa" /> <!-- Barcode(二维码)  end -->
55-->[oaid_sdk_1.0.25.aar] AndroidManifest.xml:15:5-62
55-->[oaid_sdk_1.0.25.aar] AndroidManifest.xml:15:22-59
56    <application
56-->src/main/AndroidManifest.xml:23:5-88:19
57        android:name="io.dcloud.application.DCloudApplication"
57-->src/main/AndroidManifest.xml:24:9-63
58        android:allowClearUserData="true"
58-->src/main/AndroidManifest.xml:25:9-42
59        android:appComponentFactory="androidx.core.app.CoreComponentFactory"
59-->[androidx.core:core:1.6.0] AndroidManifest.xml:24:18-86
60        android:debuggable="true"
61        android:extractNativeLibs="true"
62        android:icon="@drawable/icon"
62-->src/main/AndroidManifest.xml:26:9-38
63        android:label="@string/app_name"
63-->src/main/AndroidManifest.xml:27:9-41
64        android:largeHeap="true"
64-->src/main/AndroidManifest.xml:28:9-33
65        android:supportsRtl="true"
65-->src/main/AndroidManifest.xml:29:9-35
66        android:testOnly="true"
67        android:usesCleartextTraffic="true" >
67-->[lib.5plus.base-release.aar] AndroidManifest.xml:175:9-44
68
69        <!-- 应用入口 -->
70        <activity
70-->src/main/AndroidManifest.xml:32:9-55:20
71            android:name="io.dcloud.PandoraEntry"
71-->src/main/AndroidManifest.xml:33:13-50
72            android:configChanges="orientation|keyboardHidden|screenSize|mcc|mnc|fontScale"
72-->src/main/AndroidManifest.xml:35:13-92
73            android:exported="true"
73-->src/main/AndroidManifest.xml:37:13-36
74            android:hardwareAccelerated="true"
74-->src/main/AndroidManifest.xml:36:13-47
75            android:theme="@style/TranslucentTheme"
75-->src/main/AndroidManifest.xml:34:13-52
76            android:windowSoftInputMode="adjustResize" >
76-->src/main/AndroidManifest.xml:38:13-55
77            <intent-filter>
77-->src/main/AndroidManifest.xml:39:13-45:29
78                <data android:scheme="hbuilder" />
78-->src/main/AndroidManifest.xml:40:17-50
78-->src/main/AndroidManifest.xml:40:23-48
79
80                <action android:name="android.intent.action.VIEW" />
80-->src/main/AndroidManifest.xml:41:17-68
80-->src/main/AndroidManifest.xml:41:25-66
81
82                <category android:name="android.intent.category.DEFAULT" />
82-->src/main/AndroidManifest.xml:43:17-75
82-->src/main/AndroidManifest.xml:43:27-73
83                <category android:name="android.intent.category.BROWSABLE" />
83-->src/main/AndroidManifest.xml:44:17-77
83-->src/main/AndroidManifest.xml:44:27-75
84            </intent-filter>
85            <intent-filter>
85-->src/main/AndroidManifest.xml:46:13-50:29
86                <data android:mimeType="image/*" />
86-->src/main/AndroidManifest.xml:40:17-50
86-->src/main/AndroidManifest.xml:47:23-49
87
88                <action android:name="android.intent.action.SEND" />
88-->src/main/AndroidManifest.xml:48:17-68
88-->src/main/AndroidManifest.xml:48:25-66
89
90                <category android:name="android.intent.category.DEFAULT" />
90-->src/main/AndroidManifest.xml:43:17-75
90-->src/main/AndroidManifest.xml:43:27-73
91            </intent-filter>
92            <intent-filter>
92-->src/main/AndroidManifest.xml:51:13-54:29
93                <action android:name="android.intent.action.MAIN" />
93-->src/main/AndroidManifest.xml:52:17-68
93-->src/main/AndroidManifest.xml:52:25-66
94
95                <category android:name="android.intent.category.LAUNCHER" />
95-->src/main/AndroidManifest.xml:53:17-76
95-->src/main/AndroidManifest.xml:53:27-74
96            </intent-filter>
97        </activity>
98
99        <meta-data
99-->src/main/AndroidManifest.xml:56:9-57:35
100            android:name="dcloud_uninview_background"
100-->src/main/AndroidManifest.xml:56:20-61
101            android:value="true" />
101-->src/main/AndroidManifest.xml:57:13-33
102
103        <activity
103-->src/main/AndroidManifest.xml:59:9-84:20
104            android:name="io.dcloud.PandoraEntryActivity"
104-->src/main/AndroidManifest.xml:60:13-58
105            android:configChanges="orientation|keyboardHidden|screenSize|mcc|mnc|fontScale|keyboard|smallestScreenSize|screenLayout|screenSize|uiMode"
105-->src/main/AndroidManifest.xml:62:13-151
106            android:exported="true"
106-->src/main/AndroidManifest.xml:67:13-36
107            android:hardwareAccelerated="true"
107-->src/main/AndroidManifest.xml:63:13-47
108            android:launchMode="singleTask"
108-->src/main/AndroidManifest.xml:61:13-44
109            android:permission="com.miui.securitycenter.permission.AppPermissionsEditor"
109-->src/main/AndroidManifest.xml:64:13-89
110            android:screenOrientation="user"
110-->src/main/AndroidManifest.xml:65:13-45
111            android:theme="@style/DCloudTheme"
111-->src/main/AndroidManifest.xml:66:13-47
112            android:windowSoftInputMode="adjustResize" >
112-->src/main/AndroidManifest.xml:68:13-55
113            <intent-filter>
113-->src/main/AndroidManifest.xml:70:13-83:29
114                <category android:name="android.intent.category.DEFAULT" />
114-->src/main/AndroidManifest.xml:43:17-75
114-->src/main/AndroidManifest.xml:43:27-73
115                <category android:name="android.intent.category.BROWSABLE" />
115-->src/main/AndroidManifest.xml:44:17-77
115-->src/main/AndroidManifest.xml:44:27-75
116
117                <action android:name="android.intent.action.VIEW" />
117-->src/main/AndroidManifest.xml:41:17-68
117-->src/main/AndroidManifest.xml:41:25-66
118
119                <data android:scheme=" " />
119-->src/main/AndroidManifest.xml:40:17-50
119-->src/main/AndroidManifest.xml:40:23-48
120            </intent-filter>
121        </activity>
122
123        <meta-data
123-->src/main/AndroidManifest.xml:85:9-87:64
124            android:name="dcloud_appkey"
124-->src/main/AndroidManifest.xml:86:13-41
125            android:value="41f3ce210f8bb4c12297f421e20b3c2a" />
125-->src/main/AndroidManifest.xml:87:13-61
126        <!--
127        <activity
128            android:name="io.dcloud.imagepick.CustomGalleryActivity"
129            android:noHistory="true"
130            android:exported="false"/>
131        -->
132        <activity
132-->[lib.5plus.base-release.aar] AndroidManifest.xml:184:9-190:58
133            android:name="io.dcloud.feature.nativeObj.photoview.PhotoActivity"
133-->[lib.5plus.base-release.aar] AndroidManifest.xml:185:13-79
134            android:configChanges="orientation|keyboardHidden"
134-->[lib.5plus.base-release.aar] AndroidManifest.xml:186:13-63
135            android:exported="false"
135-->[lib.5plus.base-release.aar] AndroidManifest.xml:187:13-37
136            android:noHistory="false"
136-->[lib.5plus.base-release.aar] AndroidManifest.xml:188:13-38
137            android:screenOrientation="behind"
137-->[lib.5plus.base-release.aar] AndroidManifest.xml:189:13-47
138            android:theme="@style/DeviceDefault.Light" />
138-->[lib.5plus.base-release.aar] AndroidManifest.xml:190:13-55
139        <activity
139-->[lib.5plus.base-release.aar] AndroidManifest.xml:191:9-200:58
140            android:name="io.dcloud.WebAppActivity"
140-->[lib.5plus.base-release.aar] AndroidManifest.xml:192:13-52
141            android:configChanges="orientation|keyboard|keyboardHidden|smallestScreenSize|screenLayout|screenSize|mcc|mnc|fontScale|navigation"
141-->[lib.5plus.base-release.aar] AndroidManifest.xml:193:13-144
142            android:hardwareAccelerated="true"
142-->[lib.5plus.base-release.aar] AndroidManifest.xml:194:13-47
143            android:icon="@drawable/dcloud_recent"
143-->[lib.5plus.base-release.aar] AndroidManifest.xml:195:13-51
144            android:label="@string/stream_my"
144-->[lib.5plus.base-release.aar] AndroidManifest.xml:196:13-46
145            android:launchMode="singleTask"
145-->[lib.5plus.base-release.aar] AndroidManifest.xml:197:13-44
146            android:screenOrientation="portrait"
146-->[lib.5plus.base-release.aar] AndroidManifest.xml:198:13-49
147            android:theme="@style/DCloudTheme"
147-->[lib.5plus.base-release.aar] AndroidManifest.xml:199:13-47
148            android:windowSoftInputMode="adjustResize" />
148-->[lib.5plus.base-release.aar] AndroidManifest.xml:200:13-55
149        <activity
149-->[lib.5plus.base-release.aar] AndroidManifest.xml:201:9-205:75
150            android:name="io.dcloud.ProcessMediator"
150-->[lib.5plus.base-release.aar] AndroidManifest.xml:202:13-53
151            android:excludeFromRecents="true"
151-->[lib.5plus.base-release.aar] AndroidManifest.xml:203:13-46
152            android:exported="false"
152-->[lib.5plus.base-release.aar] AndroidManifest.xml:204:13-37
153            android:theme="@android:style/Theme.Translucent.NoTitleBar" />
153-->[lib.5plus.base-release.aar] AndroidManifest.xml:205:13-72
154        <activity
154-->[lib.5plus.base-release.aar] AndroidManifest.xml:206:9-212:20
155            android:name="io.dcloud.WebviewActivity"
155-->[lib.5plus.base-release.aar] AndroidManifest.xml:207:13-53
156            android:exported="false"
156-->[lib.5plus.base-release.aar] AndroidManifest.xml:208:13-37
157            android:screenOrientation="portrait"
157-->[lib.5plus.base-release.aar] AndroidManifest.xml:209:13-49
158            android:theme="@style/ThemeNoTitleBar"
158-->[lib.5plus.base-release.aar] AndroidManifest.xml:210:13-51
159            android:windowSoftInputMode="adjustPan" >
159-->[lib.5plus.base-release.aar] AndroidManifest.xml:211:13-52
160        </activity> <!-- gallery******start -->
161        <activity
161-->[lib.5plus.base-release.aar] AndroidManifest.xml:215:9-220:63
162            android:name="com.dmcbig.mediapicker.PickerActivity"
162-->[lib.5plus.base-release.aar] AndroidManifest.xml:216:13-65
163            android:configChanges="orientation|screenSize"
163-->[lib.5plus.base-release.aar] AndroidManifest.xml:217:13-59
164            android:exported="false"
164-->[lib.5plus.base-release.aar] AndroidManifest.xml:218:13-37
165            android:theme="@style/DeviceDefault.Light"
165-->[lib.5plus.base-release.aar] AndroidManifest.xml:219:13-55
166            android:windowSoftInputMode="stateAlwaysHidden" />
166-->[lib.5plus.base-release.aar] AndroidManifest.xml:220:13-60
167        <activity
167-->[lib.5plus.base-release.aar] AndroidManifest.xml:221:9-226:63
168            android:name="com.dmcbig.mediapicker.PreviewActivity"
168-->[lib.5plus.base-release.aar] AndroidManifest.xml:222:13-66
169            android:configChanges="orientation|screenSize"
169-->[lib.5plus.base-release.aar] AndroidManifest.xml:223:13-59
170            android:exported="false"
170-->[lib.5plus.base-release.aar] AndroidManifest.xml:224:13-37
171            android:theme="@style/DeviceDefault.Light"
171-->[lib.5plus.base-release.aar] AndroidManifest.xml:225:13-55
172            android:windowSoftInputMode="stateAlwaysHidden" /> <!-- gallery******end -->
172-->[lib.5plus.base-release.aar] AndroidManifest.xml:226:13-60
173        <provider
173-->[lib.5plus.base-release.aar] AndroidManifest.xml:229:9-237:20
174            android:name="io.dcloud.common.util.DCloud_FileProvider"
174-->[lib.5plus.base-release.aar] AndroidManifest.xml:230:13-69
175            android:authorities="com.android.UniPlugin.dc.fileprovider"
175-->[lib.5plus.base-release.aar] AndroidManifest.xml:231:13-67
176            android:exported="false"
176-->[lib.5plus.base-release.aar] AndroidManifest.xml:232:13-37
177            android:grantUriPermissions="true" >
177-->[lib.5plus.base-release.aar] AndroidManifest.xml:233:13-47
178            <meta-data
178-->[lib.5plus.base-release.aar] AndroidManifest.xml:234:13-236:64
179                android:name="android.support.FILE_PROVIDER_PATHS"
179-->[lib.5plus.base-release.aar] AndroidManifest.xml:235:17-67
180                android:resource="@xml/dcloud_file_provider" />
180-->[lib.5plus.base-release.aar] AndroidManifest.xml:236:17-61
181        </provider>
182        <!--
183            <meta-data
184            android:name="DCLOUD_STREAMAPP_CHANNEL"
185            android:value="io.dcloud.%APPID%|%APPID%|" />
186        -->
187        <meta-data
187-->[lib.5plus.base-release.aar] AndroidManifest.xml:244:9-246:35
188            android:name="android.max_aspect"
188-->[lib.5plus.base-release.aar] AndroidManifest.xml:245:13-46
189            android:value="2.4" />
189-->[lib.5plus.base-release.aar] AndroidManifest.xml:246:13-32
190
191        <activity
191-->[lib.5plus.base-release.aar] AndroidManifest.xml:248:9-253:63
192            android:name="io.dcloud.feature.gallery.imageedit.IMGEditActivity"
192-->[lib.5plus.base-release.aar] AndroidManifest.xml:249:13-79
193            android:configChanges="orientation|keyboardHidden|screenSize"
193-->[lib.5plus.base-release.aar] AndroidManifest.xml:250:13-74
194            android:exported="false"
194-->[lib.5plus.base-release.aar] AndroidManifest.xml:251:13-37
195            android:theme="@style/ImageEditTheme"
195-->[lib.5plus.base-release.aar] AndroidManifest.xml:252:13-50
196            android:windowSoftInputMode="stateAlwaysHidden" /> <!-- 广告相关配置开始 -->
196-->[lib.5plus.base-release.aar] AndroidManifest.xml:253:13-60
197        <activity
197-->[lib.5plus.base-release.aar] AndroidManifest.xml:256:9-261:55
198            android:name="io.dcloud.sdk.activity.WebViewActivity"
198-->[lib.5plus.base-release.aar] AndroidManifest.xml:257:13-66
199            android:exported="false"
199-->[lib.5plus.base-release.aar] AndroidManifest.xml:258:13-37
200            android:screenOrientation="portrait"
200-->[lib.5plus.base-release.aar] AndroidManifest.xml:259:13-49
201            android:theme="@style/ThemeNoTitleBar"
201-->[lib.5plus.base-release.aar] AndroidManifest.xml:260:13-51
202            android:windowSoftInputMode="adjustPan" />
202-->[lib.5plus.base-release.aar] AndroidManifest.xml:261:13-52
203
204        <service
204-->[lib.5plus.base-release.aar] AndroidManifest.xml:263:9-266:72
205            android:name="io.dcloud.sdk.base.service.DownloadService"
205-->[lib.5plus.base-release.aar] AndroidManifest.xml:264:13-70
206            android:exported="false"
206-->[lib.5plus.base-release.aar] AndroidManifest.xml:265:13-37
207            android:permission="android.permission.BIND_JOB_SERVICE" />
207-->[lib.5plus.base-release.aar] AndroidManifest.xml:266:13-69
208
209        <provider
209-->[lib.5plus.base-release.aar] AndroidManifest.xml:268:9-276:20
210            android:name="io.dcloud.sdk.base.service.provider.DCloudAdFileProvider"
210-->[lib.5plus.base-release.aar] AndroidManifest.xml:269:13-84
211            android:authorities="com.android.UniPlugin.dc.fileprovider"
211-->[lib.5plus.base-release.aar] AndroidManifest.xml:270:13-67
212            android:exported="false"
212-->[lib.5plus.base-release.aar] AndroidManifest.xml:271:13-37
213            android:grantUriPermissions="true" >
213-->[lib.5plus.base-release.aar] AndroidManifest.xml:272:13-47
214            <meta-data
214-->[lib.5plus.base-release.aar] AndroidManifest.xml:234:13-236:64
215                android:name="android.support.FILE_PROVIDER_PATHS"
215-->[lib.5plus.base-release.aar] AndroidManifest.xml:235:17-67
216                android:resource="@xml/dcloud_gg_file_provider" />
216-->[lib.5plus.base-release.aar] AndroidManifest.xml:236:17-61
217        </provider>
218
219        <receiver
219-->[uniapp-v8-release.aar] AndroidManifest.xml:30:9-34:20
220            android:name="com.taobao.weex.WXGlobalEventReceiver"
220-->[uniapp-v8-release.aar] AndroidManifest.xml:31:13-65
221            android:enabled="true"
221-->[uniapp-v8-release.aar] AndroidManifest.xml:32:13-35
222            android:exported="false" >
222-->[uniapp-v8-release.aar] AndroidManifest.xml:33:13-37
223        </receiver>
224
225        <activity
225-->[:uniplugin_module] AndroidManifest.xml:8:9-10:84
226            android:name="io.dcloud.uniplugin.NativePageActivity"
226-->[:uniplugin_module] AndroidManifest.xml:9:13-66
227            android:theme="@android:style/Theme.DeviceDefault.Light.NoActionBar" />
227-->[:uniplugin_module] AndroidManifest.xml:10:13-81
228    </application>
229
230</manifest>